C51 COMPILER V9.52.0.0   MAIN                                                              11/24/2015 20:06:24 PAGE 1   


C51 COMPILER V9.52.0.0, COMPILATION OF MODULE MAIN
OBJECT MODULE PLACED IN MAIN.OBJ
COMPILER INVOKED BY: C:\Keil\C51\BIN\C51.EXE MAIN.C BROWSE DEBUG OBJECTEXTEND TABS(2)

line level    source

   1              #include "Main.h"  
   2              #include "0_01_12g.h"
   3              #include "Delay_ms.h"
   4          //    #include <stdlib.h>
   5          //    #include <stdio.h>
   6              #include <string.h>
   7          
   8              void main(void)
   9                 {
  10   1               weight_initial();
  11   1               SCH_Init_T0();
  12   1               SCH_Add_Task(weight_update, 1000, 20000); 
  13   1               SCH_Start();
  14   1          
  15   1             while(1)
  16   1                {
  17   2                SCH_Dispatch_Tasks();
  18   2                }
  19   1             }
  20              


MODULE INFORMATION:   STATIC OVERLAYABLE
   CODE SIZE        =     29    ----
   CONSTANT SIZE    =   ----    ----
   XDATA SIZE       =   ----    ----
   PDATA SIZE       =   ----    ----
   DATA SIZE        =   ----    ----
   IDATA SIZE       =   ----    ----
   BIT SIZE         =   ----    ----
END OF MODULE INFORMATION.


C51 COMPILATION COMPLETE.  0 WARNING(S),  0 ERROR(S)
